2016-03-25 09:23:11,958 ERROR servlet.DispatcherServlet - Context initialization failed
org.springframework.beans.factory.BeanCreationException: Error creating bean with name 'org.springframework.web.servlet.mvc.method.annotation.RequestMappingHandlerMapping#0': Invocation of init method failed; nested exception is java.lang.IllegalStateException: Ambiguous mapping found. Cannot map 'baseController' bean method 
public void com.hrsb.cg.controller.client.BaseController.county(java.lang.String,javax.servlet.http.HttpServletRequest,javax.servlet.http.HttpServletResponse) throws java.lang.Exception
to {[/county],methods=[],params=[],headers=[],consumes=[],produces=[],custom=[]}: There is already 'indexController' bean method
public void com.hrsb.cg.controller.client.BaseController.county(java.lang.String,javax.servlet.http.HttpServletRequest,javax.servlet.http.HttpServletResponse) throws java.lang.Exception mapped.
	at org.springframework.beans.factory.support.AbstractAutowireCapableBeanFactory.initializeBean(AbstractAutowireCapableBeanFactory.java:1482)
	at org.springframework.beans.factory.support.AbstractAutowireCapableBeanFactory.doCreateBean(AbstractAutowireCapableBeanFactory.java:521)
	at org.springframework.beans.factory.support.AbstractAutowireCapableBeanFactory.createBean(AbstractAutowireCapableBeanFactory.java:458)
	at org.springframework.beans.factory.support.AbstractBeanFactory$1.getObject(AbstractBeanFactory.java:295)
	at org.springframework.beans.factory.support.DefaultSingletonBeanRegistry.getSingleton(DefaultSingletonBeanRegistry.java:223)
	at org.springframework.beans.factory.support.AbstractBeanFactory.doGetBean(AbstractBeanFactory.java:292)
	at org.springframework.beans.factory.support.AbstractBeanFactory.getBean(AbstractBeanFactory.java:194)
	at org.springframework.beans.factory.support.DefaultListableBeanFactory.preInstantiateSingletons(DefaultListableBeanFactory.java:626)
	at org.springframework.context.support.AbstractApplicationContext.finishBeanFactoryInitialization(AbstractApplicationContext.java:932)
	at org.springframework.context.support.AbstractApplicationContext.refresh(AbstractApplicationContext.java:479)
	at org.springframework.web.servlet.FrameworkServlet.configureAndRefreshWebApplicationContext(FrameworkServlet.java:651)
	at org.springframework.web.servlet.FrameworkServlet.createWebApplicationContext(FrameworkServlet.java:599)
	at org.springframework.web.servlet.FrameworkServlet.createWebApplicationContext(FrameworkServlet.java:665)
	at org.springframework.web.servlet.FrameworkServlet.initWebApplicationContext(FrameworkServlet.java:518)
	at org.springframework.web.servlet.FrameworkServlet.initServletBean(FrameworkServlet.java:459)
	at org.springframework.web.servlet.HttpServletBean.init(HttpServletBean.java:136)
	at javax.servlet.GenericServlet.init(GenericServlet.java:212)
	at org.apache.catalina.core.StandardWrapper.loadServlet(StandardWrapper.java:1213)
	at org.apache.catalina.core.StandardWrapper.load(StandardWrapper.java:1026)
	at org.apache.catalina.core.StandardContext.loadOnStartup(StandardContext.java:4425)
	at org.apache.catalina.core.StandardContext.start(StandardContext.java:4738)
	at org.apache.catalina.core.ContainerBase.start(ContainerBase.java:1057)
	at org.apache.catalina.core.StandardHost.start(StandardHost.java:822)
	at org.apache.catalina.core.ContainerBase.start(ContainerBase.java:1057)
	at org.apache.catalina.core.StandardEngine.start(StandardEngine.java:463)
	at org.apache.catalina.core.StandardService.start(StandardService.java:525)
	at org.apache.catalina.core.StandardServer.start(StandardServer.java:754)
	at org.apache.catalina.startup.Catalina.start(Catalina.java:595)
	at sun.reflect.NativeMethodAccessorImpl.invoke0(Native Method)
	at sun.reflect.NativeMethodAccessorImpl.invoke(NativeMethodAccessorImpl.java:57)
	at sun.reflect.DelegatingMethodAccessorImpl.invoke(DelegatingMethodAccessorImpl.java:43)
	at java.lang.reflect.Method.invoke(Method.java:606)
	at org.apache.catalina.startup.Bootstrap.start(Bootstrap.java:289)
	at org.apache.catalina.startup.Bootstrap.main(Bootstrap.java:414)
Caused by: java.lang.IllegalStateException: Ambiguous mapping found. Cannot map 'baseController' bean method 
public void com.hrsb.cg.controller.client.BaseController.county(java.lang.String,javax.servlet.http.HttpServletRequest,javax.servlet.http.HttpServletResponse) throws java.lang.Exception
to {[/county],methods=[],params=[],headers=[],consumes=[],produces=[],custom=[]}: There is already 'indexController' bean method
public void com.hrsb.cg.controller.client.BaseController.county(java.lang.String,javax.servlet.http.HttpServletRequest,javax.servlet.http.HttpServletResponse) throws java.lang.Exception mapped.
	at org.springframework.web.servlet.handler.AbstractHandlerMethodMapping.registerHandlerMethod(AbstractHandlerMethodMapping.java:172)
	at org.springframework.web.servlet.handler.AbstractHandlerMethodMapping.detectHandlerMethods(AbstractHandlerMethodMapping.java:146)
	at org.springframework.web.servlet.handler.AbstractHandlerMethodMapping.initHandlerMethods(AbstractHandlerMethodMapping.java:108)
	at org.springframework.web.servlet.handler.AbstractHandlerMethodMapping.afterPropertiesSet(AbstractHandlerMethodMapping.java:88)
	at org.springframework.web.servlet.mvc.method.annotation.RequestMappingHandlerMapping.afterPropertiesSet(RequestMappingHandlerMapping.java:163)
	at org.springframework.beans.factory.support.AbstractAutowireCapableBeanFactory.invokeInitMethods(AbstractAutowireCapableBeanFactory.java:1541)
	at org.springframework.beans.factory.support.AbstractAutowireCapableBeanFactory.initializeBean(AbstractAutowireCapableBeanFactory.java:1479)
	... 33 more
2016-03-25 09:23:12,542 ERROR servlet.DispatcherServlet - Context initialization failed
org.springframework.beans.factory.BeanCreationException: Error creating bean with name 'org.springframework.web.servlet.mvc.method.annotation.RequestMappingHandlerMapping#0': Invocation of init method failed; nested exception is java.lang.IllegalStateException: Ambiguous mapping found. Cannot map 'baseController' bean method 
public void com.hrsb.cg.controller.client.BaseController.county(java.lang.String,javax.servlet.http.HttpServletRequest,javax.servlet.http.HttpServletResponse) throws java.lang.Exception
to {[/county],methods=[],params=[],headers=[],consumes=[],produces=[],custom=[]}: There is already 'indexController' bean method
public void com.hrsb.cg.controller.client.BaseController.county(java.lang.String,javax.servlet.http.HttpServletRequest,javax.servlet.http.HttpServletResponse) throws java.lang.Exception mapped.
	at org.springframework.beans.factory.support.AbstractAutowireCapableBeanFactory.initializeBean(AbstractAutowireCapableBeanFactory.java:1482)
	at org.springframework.beans.factory.support.AbstractAutowireCapableBeanFactory.doCreateBean(AbstractAutowireCapableBeanFactory.java:521)
	at org.springframework.beans.factory.support.AbstractAutowireCapableBeanFactory.createBean(AbstractAutowireCapableBeanFactory.java:458)
	at org.springframework.beans.factory.support.AbstractBeanFactory$1.getObject(AbstractBeanFactory.java:295)
	at org.springframework.beans.factory.support.DefaultSingletonBeanRegistry.getSingleton(DefaultSingletonBeanRegistry.java:223)
	at org.springframework.beans.factory.support.AbstractBeanFactory.doGetBean(AbstractBeanFactory.java:292)
	at org.springframework.beans.factory.support.AbstractBeanFactory.getBean(AbstractBeanFactory.java:194)
	at org.springframework.beans.factory.support.DefaultListableBeanFactory.preInstantiateSingletons(DefaultListableBeanFactory.java:626)
	at org.springframework.context.support.AbstractApplicationContext.finishBeanFactoryInitialization(AbstractApplicationContext.java:932)
	at org.springframework.context.support.AbstractApplicationContext.refresh(AbstractApplicationContext.java:479)
	at org.springframework.web.servlet.FrameworkServlet.configureAndRefreshWebApplicationContext(FrameworkServlet.java:651)
	at org.springframework.web.servlet.FrameworkServlet.createWebApplicationContext(FrameworkServlet.java:599)
	at org.springframework.web.servlet.FrameworkServlet.createWebApplicationContext(FrameworkServlet.java:665)
	at org.springframework.web.servlet.FrameworkServlet.initWebApplicationContext(FrameworkServlet.java:518)
	at org.springframework.web.servlet.FrameworkServlet.initServletBean(FrameworkServlet.java:459)
	at org.springframework.web.servlet.HttpServletBean.init(HttpServletBean.java:136)
	at javax.servlet.GenericServlet.init(GenericServlet.java:212)
	at org.apache.catalina.core.StandardWrapper.loadServlet(StandardWrapper.java:1213)
	at org.apache.catalina.core.StandardWrapper.load(StandardWrapper.java:1026)
	at org.apache.catalina.core.StandardContext.loadOnStartup(StandardContext.java:4425)
	at org.apache.catalina.core.StandardContext.start(StandardContext.java:4738)
	at org.apache.catalina.core.ContainerBase.start(ContainerBase.java:1057)
	at org.apache.catalina.core.StandardHost.start(StandardHost.java:822)
	at org.apache.catalina.core.ContainerBase.start(ContainerBase.java:1057)
	at org.apache.catalina.core.StandardEngine.start(StandardEngine.java:463)
	at org.apache.catalina.core.StandardService.start(StandardService.java:525)
	at org.apache.catalina.core.StandardServer.start(StandardServer.java:754)
	at org.apache.catalina.startup.Catalina.start(Catalina.java:595)
	at sun.reflect.NativeMethodAccessorImpl.invoke0(Native Method)
	at sun.reflect.NativeMethodAccessorImpl.invoke(NativeMethodAccessorImpl.java:57)
	at sun.reflect.DelegatingMethodAccessorImpl.invoke(DelegatingMethodAccessorImpl.java:43)
	at java.lang.reflect.Method.invoke(Method.java:606)
	at org.apache.catalina.startup.Bootstrap.start(Bootstrap.java:289)
	at org.apache.catalina.startup.Bootstrap.main(Bootstrap.java:414)
Caused by: java.lang.IllegalStateException: Ambiguous mapping found. Cannot map 'baseController' bean method 
public void com.hrsb.cg.controller.client.BaseController.county(java.lang.String,javax.servlet.http.HttpServletRequest,javax.servlet.http.HttpServletResponse) throws java.lang.Exception
to {[/county],methods=[],params=[],headers=[],consumes=[],produces=[],custom=[]}: There is already 'indexController' bean method
public void com.hrsb.cg.controller.client.BaseController.county(java.lang.String,javax.servlet.http.HttpServletRequest,javax.servlet.http.HttpServletResponse) throws java.lang.Exception mapped.
	at org.springframework.web.servlet.handler.AbstractHandlerMethodMapping.registerHandlerMethod(AbstractHandlerMethodMapping.java:172)
	at org.springframework.web.servlet.handler.AbstractHandlerMethodMapping.detectHandlerMethods(AbstractHandlerMethodMapping.java:146)
	at org.springframework.web.servlet.handler.AbstractHandlerMethodMapping.initHandlerMethods(AbstractHandlerMethodMapping.java:108)
	at org.springframework.web.servlet.handler.AbstractHandlerMethodMapping.afterPropertiesSet(AbstractHandlerMethodMapping.java:88)
	at org.springframework.web.servlet.mvc.method.annotation.RequestMappingHandlerMapping.afterPropertiesSet(RequestMappingHandlerMapping.java:163)
	at org.springframework.beans.factory.support.AbstractAutowireCapableBeanFactory.invokeInitMethods(AbstractAutowireCapableBeanFactory.java:1541)
	at org.springframework.beans.factory.support.AbstractAutowireCapableBeanFactory.initializeBean(AbstractAutowireCapableBeanFactory.java:1479)
	... 33 more
